<?xml version="1.0" encoding="UTF-8"?>
<!-- Generated by org.testng.reporters.JUnitReportReporter -->
<testsuite skipped="0" hostname="DD5B-L-82323GP" name="regTest.ValidationStep3" tests="1" failures="0" timestamp="08 Feb 2019 19:02:03 GMT" time="81.268" errors="0">
  <testcase name="email" time="81.268" classname="regTest.ValidationStep3"/>
</testsuite> <!-- regTest.ValidationStep3 -->
