<?xml version="1.0" encoding="UTF-8"?>
<!-- Generated by org.testng.reporters.JUnitReportReporter -->
<testsuite skipped="0" hostname="DD5B-L-82323GP" name="regTest.Emailvalidationtest" tests="1" failures="0" timestamp="22 Apr 2019 05:54:47 GMT" time="245.737" errors="0">
  <testcase name="email" time="245.737" classname="regTest.Emailvalidationtest"/>
</testsuite> <!-- regTest.Emailvalidationtest -->
